app/build/outputs/logs/manifest-merger-debug-report.txt
-- Merging decision tree log ---
manifest
ADDED from src/main/AndroidManifest.xml:2:1-64:12
	package
		ADDED from src/main/AndroidManifest.xml:3:5-41
		INJECTED from src/main/AndroidManifest.xml
		INJECTED from src/main/AndroidManifest.xml
	android:versionName
		ADDED from src/main/AndroidManifest.xml:5:5-32
		INJECTED from src/main/AndroidManifest.xml
		INJECTED from src/main/AndroidManifest.xml
	android:versionCode
		ADDED from src/main/AndroidManifest.xml:4:5-28
		INJECTED from src/main/AndroidManifest.xml
		INJECTED from src/main/AndroidManifest.xml
	xmlns:android
		ADDED from src/main/AndroidManifest.xml:2:11-69
uses-sdk
ADDED from src/main/AndroidManifest.xml:7:5-9:41
MERGED from [com.android.support:support-v4:21.0.3] AndroidManifest.xml:15:5-42
	android:targetSdkVersion
		ADDED from src/main/AndroidManifest.xml:9:9-38
		INJECTED from src/main/AndroidManifest.xml
		INJECTED from src/main/AndroidManifest.xml
	android:minSdkVersion
		ADDED from src/main/AndroidManifest.xml:8:9-35
		INJECTED from src/main/AndroidManifest.xml
		INJECTED from src/main/AndroidManifest.xml
uses-feature#0x00020000
ADDED from src/main/AndroidManifest.xml:12:5-14:35
	android:glEsVersion
		ADDED from src/main/AndroidManifest.xml:13:9-41
	android:required
		ADDED from src/main/AndroidManifest.xml:14:9-32
application
ADDED from src/main/AndroidManifest.xml:16:5-62:19
MERGED from [com.android.support:support-v4:21.0.3] AndroidManifest.xml:16:5-19
	android:label
		ADDED from src/main/AndroidManifest.xml:20:9-41
	android:hardwareAccelerated
		ADDED from src/main/AndroidManifest.xml:18:9-43
	android:allowBackup
		ADDED from src/main/AndroidManifest.xml:17:9-35
	android:icon
		ADDED from src/main/AndroidManifest.xml:19:9-45
	android:theme
		ADDED from src/main/AndroidManifest.xml:21:9-41
activity#com.netsahiwot.netsa_hiwot.ActivitySplash
ADDED from src/main/AndroidManifest.xml:22:9-31:20
	android:screenOrientation
		ADDED from src/main/AndroidManifest.xml:25:13-49
	android:label
		ADDED from src/main/AndroidManifest.xml:24:13-45
	android:name
		ADDED from src/main/AndroidManifest.xml:23:13-43
intent-filter#android.intent.action.MAIN+android.intent.category.LAUNCHER
ADDED from src/main/AndroidManifest.xml:26:13-30:29
action#android.intent.action.MAIN
ADDED from src/main/AndroidManifest.xml:27:17-69
	android:name
		ADDED from src/main/AndroidManifest.xml:27:25-66
category#android.intent.category.LAUNCHER
ADDED from src/main/AndroidManifest.xml:29:17-77
	android:name
		ADDED from src/main/AndroidManifest.xml:29:27-74
activity#com.netsahiwot.netsa_hiwot.MainActivity
ADDED from src/main/AndroidManifest.xml:32:9-41:20
	android:screenOrientation
		ADDED from src/main/AndroidManifest.xml:35:13-49
	android:label
		ADDED from src/main/AndroidManifest.xml:34:13-45
	android:name
		ADDED from src/main/AndroidManifest.xml:33:13-41
intent-filter#android.intent.action.MAIN+android.intent.category.DEFAULT
ADDED from src/main/AndroidManifest.xml:36:13-40:29
category#android.intent.category.DEFAULT
ADDED from src/main/AndroidManifest.xml:39:17-76
	android:name
		ADDED from src/main/AndroidManifest.xml:39:27-73
activity#com.netsahiwot.netsa_hiwot.ActivityAddictionTest
ADDED from src/main/AndroidManifest.xml:42:9-44:52
	android:screenOrientation
		ADDED from src/main/AndroidManifest.xml:44:13-49
	android:name
		ADDED from src/main/AndroidManifest.xml:43:13-50
activity#com.netsahiwot.netsa_hiwot.ActivityTempted
ADDED from src/main/AndroidManifest.xml:45:9-47:52
	android:screenOrientation
		ADDED from src/main/AndroidManifest.xml:47:13-49
	android:name
		ADDED from src/main/AndroidManifest.xml:46:13-44
activity#com.netsahiwot.netsa_hiwot.ActivityTestimonies
ADDED from src/main/AndroidManifest.xml:48:9-50:52
	android:screenOrientation
		ADDED from src/main/AndroidManifest.xml:50:13-49
	android:name
		ADDED from src/main/AndroidManifest.xml:49:13-48
activity#com.netsahiwot.netsa_hiwot.ActivityGetHelp
ADDED from src/main/AndroidManifest.xml:51:9-53:52
	android:screenOrientation
		ADDED from src/main/AndroidManifest.xml:53:13-49
	android:name
		ADDED from src/main/AndroidManifest.xml:52:13-44
activity#com.netsahiwot.netsa_hiwot.ActivityContact
ADDED from src/main/AndroidManifest.xml:54:9-56:52
	android:screenOrientation
		ADDED from src/main/AndroidManifest.xml:56:13-49
	android:name
		ADDED from src/main/AndroidManifest.xml:55:13-44
activity#com.netsahiwot.netsa_hiwot.ActivityAbout
ADDED from src/main/AndroidManifest.xml:57:9-59:52
	android:screenOrientation
		ADDED from src/main/AndroidManifest.xml:59:13-49
	android:name
		ADDED from src/main/AndroidManifest.xml:58:13-42